<?xml version="1.0" encoding="UTF-8"?>
<testng-results ignored="0" total="3" passed="3" failed="0" skipped="0">
  <reporter-output>
  </reporter-output>
  <suite started-at="2025-07-04T15:52:28 IST" name="EntrataCodingTest" finished-at="2025-07-04T15:54:56 IST" duration-ms="147902">
    <groups>
    </groups>
    <test started-at="2025-07-04T15:52:28 IST" name="Test" finished-at="2025-07-04T15:54:56 IST" duration-ms="147902">
      <class name="com.tests.ProductPageTest">
        <test-method is-config="true" signature="setupReport()[pri:0, instance:com.tests.ProductPageTest@561868a0]" started-at="2025-07-04T15:52:27 IST" name="setupReport" finished-at="2025-07-04T15:52:28 IST" duration-ms="1094" status="PASS">
          <reporter-output>
          </reporter-output>
        </test-method> <!-- setupReport -->
        <test-method is-config="true" signature="launchBrowser()[pri:0, instance:com.tests.ProductPageTest@561868a0]" started-at="2025-07-04T15:52:29 IST" name="launchBrowser" finished-at="2025-07-04T15:52:33 IST" duration-ms="4115" status="PASS">
          <reporter-output>
          </reporter-output>
        </test-method> <!-- launchBrowser -->
        <test-method is-config="true" signature="openApplicationUrl()[pri:0, instance:com.tests.ProductPageTest@561868a0]" started-at="2025-07-04T15:52:33 IST" name="openApplicationUrl" finished-at="2025-07-04T15:53:27 IST" duration-ms="53913" status="PASS">
          <reporter-output>
          </reporter-output>
        </test-method> <!-- openApplicationUrl -->
        <test-method signature="navigateToBillPayTest()[pri:0, instance:com.tests.ProductPageTest@561868a0]" started-at="2025-07-04T15:53:27 IST" name="navigateToBillPayTest" finished-at="2025-07-04T15:53:50 IST" duration-ms="23748" status="PASS">
          <reporter-output>
          </reporter-output>
        </test-method> <!-- navigateToBillPayTest -->
        <test-method is-config="true" signature="tearDown()[pri:0, instance:com.tests.ProductPageTest@561868a0]" started-at="2025-07-04T15:54:55 IST" name="tearDown" finished-at="2025-07-04T15:54:56 IST" duration-ms="1141" status="PASS">
          <reporter-output>
          </reporter-output>
        </test-method> <!-- tearDown -->
        <test-method is-config="true" signature="tearDownExtent()[pri:0, instance:com.tests.ProductPageTest@561868a0]" started-at="2025-07-04T15:54:56 IST" name="tearDownExtent" finished-at="2025-07-04T15:54:57 IST" duration-ms="619" status="PASS">
          <reporter-output>
          </reporter-output>
        </test-method> <!-- tearDownExtent -->
      </class> <!-- com.tests.ProductPageTest -->
      <class name="com.tests.HomePageTest">
        <test-method is-config="true" signature="openApplicationUrl()[pri:0, instance:com.tests.HomePageTest@7803bfd]" started-at="2025-07-04T15:53:50 IST" name="openApplicationUrl" finished-at="2025-07-04T15:54:11 IST" duration-ms="20544" status="PASS">
          <reporter-output>
          </reporter-output>
        </test-method> <!-- openApplicationUrl -->
        <test-method signature="residentSignInTest()[pri:1, instance:com.tests.HomePageTest@7803bfd]" started-at="2025-07-04T15:54:11 IST" name="residentSignInTest" finished-at="2025-07-04T15:54:31 IST" duration-ms="20498" status="PASS">
          <reporter-output>
          </reporter-output>
        </test-method> <!-- residentSignInTest -->
        <test-method is-config="true" signature="openApplicationUrl()[pri:0, instance:com.tests.HomePageTest@7803bfd]" started-at="2025-07-04T15:54:32 IST" name="openApplicationUrl" finished-at="2025-07-04T15:54:43 IST" duration-ms="11741" status="PASS">
          <reporter-output>
          </reporter-output>
        </test-method> <!-- openApplicationUrl -->
        <test-method signature="watchDemoTest()[pri:2, instance:com.tests.HomePageTest@7803bfd]" started-at="2025-07-04T15:54:43 IST" name="watchDemoTest" finished-at="2025-07-04T15:54:55 IST" duration-ms="11991" status="PASS">
          <reporter-output>
          </reporter-output>
        </test-method> <!-- watchDemoTest -->
      </class> <!-- com.tests.HomePageTest -->
    </test> <!-- Test -->
  </suite> <!-- EntrataCodingTest -->
</testng-results>
