<?xml version="1.0" encoding="UTF-8"?>
<!-- Generated by org.testng.reporters.JUnitXMLReporter -->
<testsuite ignored="4" hostname="Laptop" failures="0" tests="3" name="Test" time="102.819" errors="0" timestamp="2025-07-04T12:54:08 IST">
  <testcase classname="com.tests.ProductPageTest" name="navigateToBillPayTest" time="15.917"/>
  <testcase classname="com.tests.HomePageTest" name="residentSignInTest" time="19.498"/>
  <testcase classname="com.tests.HomePageTest" name="watchDemoTest" time="29.555"/>
  <testcase classname="com.base.BaseClass" name="@AfterSuite tearDownExtent" time="0.0">
    <ignored/>
  </testcase> <!-- @AfterSuite tearDownExtent -->
  <testcase classname="com.base.BaseClass" name="@AfterTest tearDown" time="0.0">
    <ignored/>
  </testcase> <!-- @AfterTest tearDown -->
  <testcase classname="com.base.BaseClass" name="@BeforeTest launchBrowser" time="0.0">
    <ignored/>
  </testcase> <!-- @BeforeTest launchBrowser -->
  <testcase classname="com.base.BaseClass" name="@BeforeSuite setupReport" time="0.0">
    <ignored/>
  </testcase> <!-- @BeforeSuite setupReport -->
</testsuite> <!-- Test -->
